#
# There is insufficient memory for the Java Runtime Environment to continue.
# Native memory allocation (mmap) failed to map 67108864 bytes for G1 virtual space
# Possible reasons:
#   The system is out of physical RAM or swap space
#   The process is running with CompressedOops enabled, and the Java Heap may be blocking the growth of the native heap
# Possible solutions:
#   Reduce memory load on the system
#   Increase physical memory or swap space
#   Check if swap backing store is full
#   Decrease Java heap size (-Xmx/-Xms)
#   Decrease number of Java threads
#   Decrease Java thread stack sizes (-Xss)
#   Set larger code cache with -XX:ReservedCodeCacheSize=
#   JVM is running with Unscaled Compressed Oops mode in which the Java heap is
#     placed in the first 4GB address space. The Java Heap base address is the
#     maximum limit for the native heap growth. Please use -XX:HeapBaseMinAddress
#     to set the Java Heap base and to place the Java Heap above 4GB virtual address.
# This output file may be truncated or incomplete.
#
#  Out of Memory Error (os_windows.cpp:3541), pid=3184, tid=2160
#
# JRE version:  (17.0.4+8) (build )
# Java VM: OpenJDK 64-Bit Server VM (17.0.4+8, mixed mode, sharing, tiered, compressed oops, compressed class ptrs, g1 gc, windows-amd64)
# No core dump will be written. Minidumps are not enabled by default on client versions of Windows
#

---------------  S U M M A R Y ------------

Command Line: -javaagent:C:\Program Files\JetBrains\IntelliJ IDEA 2022.1.3\lib\idea_rt.jar=52100:C:\Program Files\JetBrains\IntelliJ IDEA 2022.1.3\bin -Dfile.encoding=UTF-8 demo.Main

Host: Intel(R) Core(TM) i3-4005U CPU @ 1.70GHz, 4 cores, 3G,  Windows 11 , 64 bit Build 22000 (10.0.22000.434)
Time: Fri Aug 19 23:31:38 2022 India Standard Time elapsed time: 0.646124 seconds (0d 0h 0m 0s)

---------------  T H R E A D  ---------------

Current thread (0x000001566477d210):  JavaThread "Unknown thread" [_thread_in_vm, id=2160, stack(0x0000003bb1000000,0x0000003bb1100000)]

Stack: [0x0000003bb1000000,0x0000003bb1100000]
Native frames: (J=compiled Java code, j=interpreted, Vv=VM code, C=native code)
V  [jvm.dll+0x67733a]
V  [jvm.dll+0x8323c4]
V  [jvm.dll+0x833b6e]
V  [jvm.dll+0x8341d3]
V  [jvm.dll+0x2455e5]
V  [jvm.dll+0x674229]
V  [jvm.dll+0x668ab2]
V  [jvm.dll+0x30458b]
V  [jvm.dll+0x30bad6]
V  [jvm.dll+0x35ba7e]
V  [jvm.dll+0x35bcaf]
V  [jvm.dll+0x2db428]
V  [jvm.dll+0x2dc394]
V  [jvm.dll+0x803ef1]
V  [jvm.dll+0x3698d1]
V  [jvm.dll+0x7e320c]
V  [jvm.dll+0x3ec23f]
V  [jvm.dll+0x3eddc1]
C  [jli.dll+0x5277]
C  [ucrtbase.dll+0x26c0c]
C  [KERNEL32.DLL+0x154e0]
C  [ntdll.dll+0x485b]


---------------  P R O C E S S  ---------------

Threads class SMR info:
_java_thread_list=0x00007ff9e66d4e98, length=0, elements={
}

Java Threads: ( => current thread )

Other Threads:
  0x00000156647b8620 GCTaskThread "GC Thread#0" [stack: 0x0000003bb1200000,0x0000003bb1300000] [id=4928]
  0x00000156647c1260 ConcurrentGCThread "G1 Main Marker" [stack: 0x0000003bb1300000,0x0000003bb1400000] [id=2820]
  0x00000156647c1c70 ConcurrentGCThread "G1 Conc#0" [stack: 0x0000003bb1400000,0x0000003bb1500000] [id=4664]

[error occurred during error reporting (printing all threads), id 0xc0000005, EXCEPTION_ACCESS_VIOLATION (0xc0000005) at pc=0x00007ff9e5eabeb7]

VM state: not at safepoint (not fully initialized)

VM Mutex/Monitor currently owned by a thread:  ([mutex/lock_event])
[0x0000015664779730] Heap_lock - owner thread: 0x000001566477d210

Heap address: 0x00000000c1800000, size: 1000 MB, Compressed Oops mode: 32-bit

CDS archive(s) mapped at: [0x0000000000000000-0x0000000000000000-0x0000000000000000), size 0, SharedBaseAddress: 0x0000000800000000, ArchiveRelocationMode: 0.
Narrow klass base: 0x0000000000000000, Narrow klass shift: 0, Narrow klass range: 0x0

GC Precious Log:
<Empty>

Heap:
 garbage-first heap   total 0K, used 0K [0x00000000c1800000, 0x0000000100000000)
  region size 1024K, 0 young (0K), 0 survivors (0K)

[error occurred during error reporting (printing heap information), id 0xc0000005, EXCEPTION_ACCESS_VIOLATION (0xc0000005) at pc=0x00007ff9e62906b9]

GC Heap History (0 events):
No events

Deoptimization events (0 events):
No events

Classes unloaded (0 events):
No events

Classes redefined (0 events):
No events

Internal exceptions (0 events):
No events

VM Operations (0 events):
No events

Events (1 events):
Event: 0.471 Loaded shared library C:\Users\Admin\.jdks\temurin-17.0.4\bin\java.dll


Dynamic libraries:
0x00007ff710320000 - 0x00007ff71032e000 	C:\Users\Admin\.jdks\temurin-17.0.4\bin\java.exe
0x00007ffa09fe0000 - 0x00007ffa0a1e9000 	C:\Windows\SYSTEM32\ntdll.dll
0x00007ffa082b0000 - 0x00007ffa0836d000 	C:\Windows\System32\KERNEL32.DLL
0x00007ffa079b0000 - 0x00007ffa07d24000 	C:\Windows\System32\KERNELBASE.dll
0x00007ffa07d30000 - 0x00007ffa07e41000 	C:\Windows\System32\ucrtbase.dll
0x00007ff9f8a60000 - 0x00007ff9f8a78000 	C:\Users\Admin\.jdks\temurin-17.0.4\bin\jli.dll
0x00007ffa084b0000 - 0x00007ffa0865c000 	C:\Windows\System32\USER32.dll
0x00007ffa07e50000 - 0x00007ffa07e76000 	C:\Windows\System32\win32u.dll
0x00007ffa08030000 - 0x00007ffa08059000 	C:\Windows\System32\GDI32.dll
0x00007ffa07640000 - 0x00007ffa07752000 	C:\Windows\System32\gdi32full.dll
0x00007ffa077d0000 - 0x00007ffa0786d000 	C:\Windows\System32\msvcp_win.dll
0x00007ff9f8a40000 - 0x00007ff9f8a59000 	C:\Users\Admin\.jdks\temurin-17.0.4\bin\VCRUNTIME140.dll
0x00007ff9f57b0000 - 0x00007ff9f5a55000 	C:\Windows\WinSxS\amd64_microsoft.windows.common-controls_6595b64144ccf1df_6.0.22000.120_none_9d947278b86cc467\COMCTL32.dll
0x00007ffa09ef0000 - 0x00007ffa09f93000 	C:\Windows\System32\msvcrt.dll
0x00007ffa08810000 - 0x00007ffa08841000 	C:\Windows\System32\IMM32.DLL
0x00007ff9f8de0000 - 0x00007ff9f8dec000 	C:\Users\Admin\.jdks\temurin-17.0.4\bin\vcruntime140_1.dll
0x00007ff9f2d10000 - 0x00007ff9f2da1000 	C:\Users\Admin\.jdks\temurin-17.0.4\bin\msvcp140.dll
0x00007ff9e5bc0000 - 0x00007ff9e6806000 	C:\Users\Admin\.jdks\temurin-17.0.4\bin\server\jvm.dll
0x00007ffa08760000 - 0x00007ffa0880e000 	C:\Windows\System32\ADVAPI32.dll
0x00007ffa09470000 - 0x00007ffa0950e000 	C:\Windows\System32\sechost.dll
0x00007ffa09290000 - 0x00007ffa093b0000 	C:\Windows\System32\RPCRT4.dll
0x00007ffa093b0000 - 0x00007ffa093b8000 	C:\Windows\System32\PSAPI.DLL
0x00007ffa03210000 - 0x00007ffa03219000 	C:\Windows\SYSTEM32\WSOCK32.dll
0x00007ffa08690000 - 0x00007ffa086ff000 	C:\Windows\System32\WS2_32.dll
0x00007ff9f18d0000 - 0x00007ff9f1903000 	C:\Windows\SYSTEM32\WINMM.dll
0x00007ff9fef30000 - 0x00007ff9fef3a000 	C:\Windows\SYSTEM32\VERSION.dll
0x00007ffa05470000 - 0x00007ffa05488000 	C:\Windows\SYSTEM32\kernel.appcore.dll
0x00007ff9f89e0000 - 0x00007ff9f89ea000 	C:\Users\Admin\.jdks\temurin-17.0.4\bin\jimage.dll
0x00007ff9fb950000 - 0x00007ff9fbb71000 	C:\Windows\SYSTEM32\DBGHELP.DLL
0x00007ff9fb4e0000 - 0x00007ff9fb511000 	C:\Windows\SYSTEM32\dbgcore.DLL
0x00007ffa07870000 - 0x00007ffa078ef000 	C:\Windows\System32\bcryptPrimitives.dll
0x00007ff9f8f30000 - 0x00007ff9f8f3e000 	C:\Users\Admin\.jdks\temurin-17.0.4\bin\instrument.dll
0x00007ff9f89b0000 - 0x00007ff9f89d5000 	C:\Users\Admin\.jdks\temurin-17.0.4\bin\java.dll

dbghelp: loaded successfully - version: 4.0.5 - missing functions: none
symbol engine: initialized successfully - sym options: 0x614 - pdb path: .;C:\Users\Admin\.jdks\temurin-17.0.4\bin;C:\Windows\SYSTEM32;C:\Windows\WinSxS\amd64_microsoft.windows.common-controls_6595b64144ccf1df_6.0.22000.120_none_9d947278b86cc467;C:\Users\Admin\.jdks\temurin-17.0.4\bin\server

VM Arguments:
jvm_args: -javaagent:C:\Program Files\JetBrains\IntelliJ IDEA 2022.1.3\lib\idea_rt.jar=52100:C:\Program Files\JetBrains\IntelliJ IDEA 2022.1.3\bin -Dfile.encoding=UTF-8 
java_command: demo.Main
java_class_path (initial): C:\Users\Admin\IdeaProjects\spring-aop-demo\target\classes;C:\Users\Admin\.m2\repository\org\springframework\spring-context\5.3.22\spring-context-5.3.22.jar;C:\Users\Admin\.m2\repository\org\springframework\spring-aop\5.3.22\spring-aop-5.3.22.jar;C:\Users\Admin\.m2\repository\org\springframework\spring-beans\5.3.22\spring-beans-5.3.22.jar;C:\Users\Admin\.m2\repository\org\springframework\spring-core\5.3.22\spring-core-5.3.22.jar;C:\Users\Admin\.m2\repository\org\springframework\spring-jcl\5.3.22\spring-jcl-5.3.22.jar;C:\Users\Admin\.m2\repository\org\springframework\spring-expression\5.3.22\spring-expression-5.3.22.jar;C:\Users\Admin\.m2\repository\org\aspectj\aspectjrt\1.9.9.1\aspectjrt-1.9.9.1.jar;C:\Users\Admin\.m2\repository\org\aspectj\aspectjweaver\1.9.9.1\aspectjweaver-1.9.9.1.jar
Launcher Type: SUN_STANDARD

[Global flags]
     intx CICompilerCount                          = 3                                         {product} {ergonomic}
     uint ConcGCThreads                            = 1                                         {product} {ergonomic}
     uint G1ConcRefinementThreads                  = 4                                         {product} {ergonomic}
   size_t G1HeapRegionSize                         = 1048576                                   {product} {ergonomic}
    uintx GCDrainStackTargetSize                   = 64                                        {product} {ergonomic}
   size_t InitialHeapSize                          = 67108864                                  {product} {ergonomic}
   size_t MarkStackSize                            = 4194304                                   {product} {ergonomic}
   size_t MaxHeapSize                              = 1048576000                                {product} {ergonomic}
   size_t MinHeapDeltaBytes                        = 1048576                                   {product} {ergonomic}
   size_t MinHeapSize                              = 8388608                                   {product} {ergonomic}
    uintx NonNMethodCodeHeapSize                   = 5832780                                {pd product} {ergonomic}
    uintx NonProfiledCodeHeapSize                  = 122912730                              {pd product} {ergonomic}
    uintx ProfiledCodeHeapSize                     = 122912730                              {pd product} {ergonomic}
    uintx ReservedCodeCacheSize                    = 251658240                              {pd product} {ergonomic}
     bool SegmentedCodeCache                       = true                                      {product} {ergonomic}
   size_t SoftMaxHeapSize                          = 1048576000                             {manageable} {ergonomic}
     bool UseCompressedClassPointers               = true                           {product lp64_product} {ergonomic}
     bool UseCompressedOops                        = true                           {product lp64_product} {ergonomic}
     bool UseG1GC                                  = true                                      {product} {ergonomic}
     bool UseLargePagesIndividualAllocation        = false                                  {pd product} {ergonomic}

Logging:
Log output configuration:
 #0: stdout all=warning uptime,level,tags
 #1: stderr all=off uptime,level,tags

Environment Variables:
JAVA_HOME=C:\Program Files\Eclipse Adoptium\jdk-17.0.2.8-hotspot\
PATH=C:\Program Files (x86)\Common Files\Oracle\Java\javapath;C:\Program Files\Eclipse Adoptium\jdk-17.0.2.8-hotspot\bin;C:\Windows\system32;C:\Windows;C:\Windows\System32\Wbem;C:\Windows\System32\WindowsPowerShell\v1.0\;C:\Windows\System32\OpenSSH\;C:\Program Files\nodejs\;C:\Program Files\Git\cmd;C:\Users\Admin\AppData\Local\Microsoft\WindowsApps;;C:\Users\Admin\AppData\Local\Programs\Microsoft VS Code\bin;C:\Program Files\JetBrains\IntelliJ IDEA Community Edition 2021.3.2\bin;;C:\Users\Admin\AppData\Roaming\npm;C:\Program Files\JetBrains\IntelliJ IDEA 2022.1.3\bin;
USERNAME=Admin
OS=Windows_NT
PROCESSOR_IDENTIFIER=Intel64 Family 6 Model 69 Stepping 1, GenuineIntel
TMP=C:\Users\Admin\AppData\Local\Temp
TEMP=C:\Users\Admin\AppData\Local\Temp



---------------  S Y S T E M  ---------------

OS:
 Windows 11 , 64 bit Build 22000 (10.0.22000.434)
OS uptime: 0 days 5:02 hours

CPU: total 4 (initial active 4) (2 cores per cpu, 2 threads per core) family 6 model 69 stepping 1 microcode 0x26, cx8, cmov, fxsr, ht, mmx, sse, sse2, sse3, ssse3, sse4.1, sse4.2, popcnt, lzcnt, tsc, tscinvbit, avx, avx2, aes, erms, clmul, bmi1, bmi2, fma, vzeroupper, clflush

Memory: 4k page, system-wide physical 3999M (433M free)
TotalPageFile size 3999M (AvailPageFile size 43M)
current process WorkingSet (physical memory assigned to process): 10M, peak: 10M
current process commit charge ("private bytes"): 51M, peak: 115M

vm_info: OpenJDK 64-Bit Server VM (17.0.4+8) for windows-amd64 JRE (17.0.4+8), built on Jul 19 2022 16:05:16 by "temurin" with MS VC++ 16.7 (VS2019)

END.
